make all --print-data-base --no-builtin-variables --no-builtin-rules --question
# GNU Make 3.81
# Copyright (C) 2006  Free Software Foundation, Inc.
# This is free software; see the source for copying conditions.
# There is NO warranty; not even for MERCHANTABILITY or FITNESS FOR A
# PARTICULAR PURPOSE.

# This program built for i386-apple-darwin11.3.0
 

# Make data base, printed on Fri Aug 19 00:43:36 2022

# Variables

# automatic
<D = $(patsubst %/,%,$(dir $<))
# automatic
 
?F = $(notdir $?)
# environment
VSCODE_LOG_NATIVE = false
# automatic
?D = $(patsubst %/,%,$(dir $?))
# automatic
@D = $(patsubst %/,%,$(dir $@))
# automatic
@F = $(notdir $@)
# makefile
CURDIR := /Users/mehdizadem/Documents/PhD/Software/ReluVal
# makefile
SHELL = /bin/sh
# environment
VSCODE_NLS_CONFIG = {"locale":"en-gb","availableLanguages":{},"_languagePackSupport":true}
# environment
_ = /usr/bin/make
# makefile (from `makefile', line 2)
CFLAGS = -I OpenBLAS/include/ -I json-c/include/json-c
# makefile (from `makefile', line 1)
MAKEFILE_LIST :=  makefile
# environment
VSCODE_VERBOSE_LOGGING = true
# environment
__CFBundleIdentifier = com.microsoft.VSCode
# environment
INFOPATH = /opt/homebrew/share/info:
# environment
VSCODE_IPC_HOOK_EXTHOST = /var/folders/hb/44mvp4cs3rj78_4ycclx0l880000gn/T/vscode-ipc-13b9c969-a66a-41e3-a5f5-faebada400b2.sock
# environment
VSCODE_CWD = /
# environment
PATH = /Users/mehdizadem/miniforge3/bin:/Users/mehdizadem/miniforge3/condabin:/opt/homebrew/bin:/opt/homebrew/sbin:/usr/local/bin:/usr/bin:/bin:/usr/sbin:/sbin:/Library/Apple/usr/bin
# environment
VSCODE_LOG_STACK = false
# environment
ELECTRON_RUN_AS_NODE = 1
# makefile (from `makefile', line 3)
LDFLAGS = -LOpenBLAS/lib -Ljson-c/lib -ljson-c -lopenblas -lpthread -lm
# default
.FEATURES := target-specific order-only second-expansion else-if archives jobserver check-symlink
# environment
SSH_AUTH_SOCK = /private/tmp/com.apple.launchd.YQub4KqVSG/Listeners
# automatic
%F = $(notdir $%)
# environment
CONDA_EXE = /Users/mehdizadem/miniforge3/bin/conda
# environment
VSCODE_PIPE_LOGGING = true
# environment
PWD = /Users/mehdizadem/Documents/PhD/Software/ReluVal
# environment
HOMEBREW_CELLAR = /opt/homebrew/Cellar
# environment
ORIGINAL_XDG_CURRENT_DESKTOP = undefined
# environment
MANPATH = /opt/homebrew/share/man::
# environment
VSCODE_AMD_ENTRYPOINT = vs/workbench/api/node/extensionHostProcess
# environment
HOME = /Users/mehdizadem
# default
MAKEFILEPATH := /Applications/Xcode.app/Contents/Developer/Makefiles
# environment
VSCODE_CODE_CACHE_PATH = /Users/mehdizadem/Library/Application Support/Code/CachedData/c3511e6c69bb39013c4a4b7b9566ec1ca73fc4d5
# environment
LOGNAME = mehdizadem
# environment
APPLICATION_INSIGHTS_NO_DIAGNOSTIC_CHANNEL = 1
# environment
CONDA_PROMPT_MODIFIER = (base) 
# environment
VSCODE_HANDLES_UNCAUGHT_ERRORS = true
# automatic
^D = $(patsubst %/,%,$(dir $^))
# environment
CONDA_DEFAULT_ENV = base
# environment
XPC_FLAGS = 0x0
# default
MAKE = $(MAKE_COMMAND)
# default
MAKECMDGOALS := all
# environment
SHLVL = 1
# makefile (from `makefile', line 1)
CC = gcc
# default
MAKE_VERSION := 3.81
# environment
USER = mehdizadem
# makefile
.DEFAULT_GOAL := all
# automatic
%D = $(patsubst %/,%,$(dir $%))
# environment
CONDA_SHLVL = 1
# default
MAKE_COMMAND := /Applications/Xcode.app/Contents/Developer/usr/bin/make
# default
.VARIABLES := 
# environment
TMPDIR = /var/folders/hb/44mvp4cs3rj78_4ycclx0l880000gn/T/
# automatic
*F = $(notdir $*)
# environment
VSCODE_IPC_HOOK = /Users/mehdizadem/Library/Application Support/Code/1.67.2-main.sock
# makefile
MAKEFLAGS = Rrqp
# environment
MFLAGS = -Rrqp
# automatic
*D = $(patsubst %/,%,$(dir $*))
# environment
XPC_SERVICE_NAME = application.com.microsoft.VSCode.5265324.5265330
# environment
HOMEBREW_PREFIX = /opt/homebrew
# automatic
+D = $(patsubst %/,%,$(dir $+))
# automatic
+F = $(notdir $+)
# environment
HOMEBREW_REPOSITORY = /opt/homebrew
# environment
__CF_USER_TEXT_ENCODING = 0x1F5:0x0:0x0
# environment
COMMAND_MODE = unix2003
# default
MAKEFILES := 
# automatic
<F = $(notdir $<)
# environment
LC_ALL = C
# environment
CONDA_PYTHON_EXE = /Users/mehdizadem/miniforge3/bin/python
# automatic
^F = $(notdir $^)
# makefile (from `makefile', line 4)
DEPS = matrix.h nnet.h split.h
# default
SUFFIXES := 
# environment
_CE_M = 
# default
.INCLUDE_DIRS = /usr/local/include
# environment
MAKELEVEL := 0
# environment
CONDA_PREFIX = /Users/mehdizadem/miniforge3
# environment
 
VSCODE_PID = 9372
# environment
_CE_CONDA = 
# environment
LANG = C
# variable set hash-table stats:
# Load=79/1024=8%, Rehash=0, Collisions=2/107=2%

# Pattern-specific Variable Values

# No pattern-specific variable values.

# Directories

# . (device 16777234, inode 6210449): 28 files, no impossibilities.

# 28 files, no impossibilities in 1 directories.

# Implicit Rules

# No implicit rules.

# Files

all: network_test
#  Command-line target.
#  Implicit rule search has been done.
#  File does not exist.
#  File has been updated.
#  Successfully updated.
# makefile (from `makefile', line 7)
# CFLAGS += -O3 
# makefile (from `makefile', line 8)
# LDFLAGS += -O3
# variable set hash-table stats:
# Load=2/32=6%, Rehash=0, Collisions=2/4=50%

c.o:
#  Implicit rule search has not been done.
#  Modification time never checked.
#  File has not been updated.
#  commands to execute (from `makefile', line 18):
	$(CC) $(CFLAGS) $<  -o $@
	

# Not a target:
nnet.o:
#  Implicit rule search has been done.
#  Last modified 2022-08-02 16:06:39
#  File has been updated.
#  Successfully updated.
# variable set hash-table stats:
# Load=0/32=0%, Rehash=0, Collisions=0/0=0%

# Not a target:
.SUFFIXES:
#  Implicit rule search has not been done.
#  Modification time never checked.
#  File has not been updated.

debug: network_test
#  Implicit rule search has not been done.
#  Modification time never checked.
#  File has not been updated.
# makefile (from `makefile', line 11)
# CFLAGS += -DDEBUG -g -O0
# makefile (from `makefile', line 12)
# LDFLAGS += -DDEBUG -g
# variable set hash-table stats:
# Load=2/32=6%, Rehash=0, Collisions=2/4=50%

# Not a target:
makefile:
#  Implicit rule search has been done.
#  Last modified 2022-06-17 20:51:08
#  File has been updated.
#  Successfully updated.
# variable set hash-table stats:
# Load=0/32=0%, Rehash=0, Collisions=0/0=0%

# Not a target:
matrix.o:
#  Implicit rule search has been done.
#  Last modified 2022-06-17 16:09:30
#  File has been updated.
#  Successfully updated.
# variable set hash-table stats:
# Load=0/32=0%, Rehash=0, Collisions=0/0=0%

# Not a target:
.DEFAULT:
#  Implicit rule search has not been done.
#  Modification time never checked.
#  File has not been updated.

clean:
#  Implicit rule search has not been done.
#  Modification time never checked.
#  File has not been updated.
#  commands to execute (from `makefile', line 21):
	rm -f *.o network_test
	

# Not a target:
network_test.o:
#  Implicit rule search has been done.
#  Last modified 2022-08-16 10:44:25
#  File has been updated.
#  Successfully updated.
# variable set hash-table stats:
# Load=0/32=0%, Rehash=0, Collisions=0/0=0%

network_test: matrix.o nnet.o network_test.o split.o
#  Implicit rule search has not been done.
#  Last modified 2022-08-16 10:44:25
#  File has been updated.
#  Successfully updated.
# variable set hash-table stats:
# Load=0/32=0%, Rehash=0, Collisions=0/0=0%
#  commands to execute (from `makefile', line 15):
	$(CC) -o $@ $^ $(LDFLAGS)
	

# Not a target:
split.o:
#  Implicit rule search has been done.
#  Last modified 2022-08-16 10:44:25
#  File has been updated.
#  Successfully updated.
# variable set hash-table stats:
# Load=0/32=0%, Rehash=0, Collisions=0/0=0%

# files hash-table stats:
# Load=12/1024=1%, Rehash=0, Collisions=0/35=0%
# VPATH Search Paths

# No `vpath' search paths.

# No general (`VPATH' variable) search path.

# # of strings in strcache: 1
# # of strcache buffers: 1
# strcache size: total = 4096 / max = 4096 / min = 4096 / avg = 4096
# strcache free: total = 4087 / max = 4087 / min = 4087 / avg = 4087

# Finished Make data base on Fri Aug 19 00:43:36 2022

 
